Case #1: CAB
Case #2: MJA
Case #3: OCDE
Case #4: BBAAA
Case #5: CCCABBBAB
Case #6: CCCBAABAB
Case #7: ZXCASDQWE
Case #8: CCCCBBBABBAABBB
Case #9: BBA
Case #10: CBBBBBBAAAAAABA
Case #11: CCCCCCCBBABBBBA
Case #12: MMABCGIALKJHFED
Case #13: BA
Case #14: CCCBBBBAAAAAB
Case #15: CCCAAAAABAABBBB
Case #16: CCCCBBBBBABBAA
Case #17: CCCCCBBBBABAAAA
Case #18: AAA
Case #19: DDCCCBAAAABBC
Case #20: ZDCBA
Case #21: MMJAHGCABDEFIKL
Case #22: ONMLKCBAEDGHIJF
Case #23: BAAA
Case #24: CCCCCBBBBBAAAAA
Case #25: ZDABC
Case #26: CCCCABBABABBAAA
Case #27: CCCCCCCBBBBABAB
Case #28: BBB
Case #29: BAAA
Case #30: BAA
Case #31: ONMLKHBAIGJECDF
Case #32: CBBAAAAAAAAAAA
Case #33: CCCCCCAAABAABBB
Case #34: ZXWRBJDLMHTBBGY
Case #35: CCCCCCCCCBAABBB
Case #36: BBA
Case #37: CCCCCBBBBBAAAAA
Case #38: YXTFBHLWKXDSTGG
Case #39: ONMLHBDEFGACJKI
Case #40: CCCCCBBBBAAAAAB
Case #41: DCBBBBBBBAABA
Case #42: CCCCCBAAAABBBBA
Case #43: CAB
Case #44: CCCCCABBBBBAAAA
Case #45: BAAA
Case #46: CBA
Case #47: ONJBADMGHFCKLIE
Case #48: CCCCCCBABBBAABB
Case #49: OFKAEMDHIBJLGNC
Case #50: CCCCCAABBAABBAA
Case #51: MMLJIGFDCBAKHEA
Case #52: CBA
Case #53: OMDALKBIHGCEFJN
Case #54: Z
Case #55: ZEDCBAYXWU
Case #56: BBBBBAAAAAAAA
Case #57: CCCCCCBAAAABAAB
Case #58: CCCCCCCCAAAABBA
Case #59: BB
Case #60: VTTNFFBMJPPSBFJ
Case #61: ZABYCXDWEU
Case #62: DCCCBAAAABBAA
Case #63: BAA
Case #64: CCCCCAAAABABBBA
Case #65: CCCCCCAABBAAAAA
Case #66: CBA
Case #67: CCCCCBBBBBAAAAA
Case #68: CCCCCCCBBBAAABA
Case #69: CBBBBBAAABBABA
Case #70: ZAAAA
Case #71: YYVRQBWGRGRMPRH
Case #72: BAA
Case #73: A
Case #74: BBA
Case #75: DCBBAAAAAAAAB
Case #76: CCCCBABABBBBBBA
Case #77: OCELKJIAGFNMHBD
Case #78: CCCCCCCBBBAAABB
Case #79: DDCCCCBABABAB
Case #80: BA
Case #81: CCCCBAAAAAAAA
Case #82: MMLKJIECBAHGFDA
Case #83: ONMBAILJGHFEDKC
Case #84: XSRGBRMHNFQSKGQ
Case #85: OMNLGJIHKFEACBD
Case #86: CCCCCBBBBBAAAAA
Case #87: ZABCD
Case #88: CBA
Case #89: BAAA
Case #90: AA
Case #91: MMALKCBADEFGHIJ
Case #92: ZACBA
Case #93: ZAYBXCWDUE
Case #94: RRBAACADABA
Case #95: CCCCCBBAAAAABBB
Case #96: CCCCCBBBBAAAAAB
Case #97: ZADBC
Case #98: MMLAIGFCABDEHJK
Case #99: ONMAHEDFILGJKBC
Case #100: CCCCCBBBBAAAAAB
