Case #1: AB AB
Case #2: A A B C A BC
Case #3: C A BC
Case #4: B A B A BC
Case #5: A BC
Case #6: B C B C A BC
Case #7: C A B C A BC
Case #8: A A A B C A BC
Case #9: B B A B C A BC
Case #10: C A C A B C A BC
Case #11: B A B C A BC
Case #12: A B A B C A BC
Case #13: B C A B C A BC
Case #14: A C A B C A BC
Case #15: C A C A C A BC
Case #16: A B C A B C A BC
Case #17: B B C A B C A BC
Case #18: A B C A BC
Case #19: A B A BC
Case #20: B A B A B A BC
Case #21: A C A C A BC
Case #22: A C A BC
Case #23: C B C B C A BC
Case #24: A B A B A B A BC
Case #25: B B C A BC
Case #26: A A BC
Case #27: B A B A B C A BC
Case #28: A A B A BC
Case #29: AB AB AB AB
Case #30: B A BC
Case #31: AB AB AB
Case #32: B B C B C A BC
Case #33: AB
Case #34: C B C A BC
Case #35: A B A B A BC
Case #36: A A B A B C A BC
Case #37: B C A BC
Case #38: C C A B C A BC
Case #39: C A C A BC
Case #40: A A C A C A BC
Case #41: C B C A B C A BC
Case #42: A C A C A C A BC
Case #43: B C B C B C A BC
Case #44: A A C A B C A BC
Case #45: A A B A B A BC
Case #46: A A C A BC
